<?xml version="1.0" encoding="UTF-8"?>
<!-- Generated by org.testng.reporters.JUnitReportReporter -->
<testsuite hostname="DESKTOP-RTK0H88" failures="0" tests="7" name="com.qc.tests.Testlogin" time="19.566" errors="0" timestamp="2022-08-23T22:01:27 PDT" skipped="0">
  <testcase classname="com.qc.tests.Testlogin" name="dologin" time="2.532"/>
  <system-out/>
  <testcase classname="com.qc.tests.Testlogin" name="dologin" time="2.664"/>
  <system-out/>
  <testcase classname="com.qc.tests.Testlogin" name="dologin" time="2.397"/>
  <system-out/>
  <testcase classname="com.qc.tests.Testlogin" name="dologin" time="2.386"/>
  <system-out/>
  <testcase classname="com.qc.tests.Testlogin" name="dologin" time="2.395"/>
  <system-out/>
  <testcase classname="com.qc.tests.Testlogin" name="dologin" time="2.408"/>
  <system-out/>
  <testcase classname="com.qc.tests.Testlogin" name="dologin" time="4.784"/>
  <system-out/>
</testsuite> <!-- com.qc.tests.Testlogin -->
