<?xml version="1.0" encoding="UTF-8"?>
<!-- Generated by org.testng.reporters.JUnitReportReporter -->
<testsuite hostname="DESKTOP-RTK0H88" failures="0" tests="6" name="com.qc.tests.RegisterTest" time="16.347" errors="0" timestamp="2022-08-23T22:01:27 PDT" skipped="0">
  <testcase classname="com.qc.tests.RegisterTest" name="doRegister" time="2.699"/>
  <system-out/>
  <testcase classname="com.qc.tests.RegisterTest" name="doRegister" time="2.723"/>
  <system-out/>
  <testcase classname="com.qc.tests.RegisterTest" name="doRegister" time="3.056"/>
  <system-out/>
  <testcase classname="com.qc.tests.RegisterTest" name="doRegister" time="2.586"/>
  <system-out/>
  <testcase classname="com.qc.tests.RegisterTest" name="doRegister" time="2.659"/>
  <system-out/>
  <testcase classname="com.qc.tests.RegisterTest" name="doRegister" time="2.624"/>
  <system-out/>
</testsuite> <!-- com.qc.tests.RegisterTest -->
